TN:
SF:controllers\account.controller.js
FN:5,indexAcc
FN:14,createAccount
FN:24,updateAccount
FN:36,deleteAccount
FN:47,indexAccType
FN:56,createAccType
FN:66,updatedAccType
FN:77,deleteAccType
FNF:8
FNH:8
FNDA:2,indexAcc
FNDA:2,createAccount
FNDA:2,updateAccount
FNDA:2,deleteAccount
FNDA:2,indexAccType
FNDA:2,createAccType
FNDA:2,updatedAccType
FNDA:2,deleteAccType
DA:1,1
DA:2,1
DA:3,1
DA:4,1
DA:5,1
DA:6,2
DA:7,2
DA:8,1
DA:9,1
DA:10,1
DA:11,1
DA:12,2
DA:13,1
DA:14,1
DA:15,2
DA:16,2
DA:17,2
DA:18,1
DA:19,1
DA:20,1
DA:21,1
DA:22,2
DA:23,1
DA:24,1
DA:25,2
DA:26,2
DA:27,2
DA:28,2
DA:29,1
DA:30,1
DA:31,1
DA:32,1
DA:33,1
DA:34,2
DA:35,1
DA:36,1
DA:37,2
DA:38,2
DA:39,2
DA:40,1
DA:41,1
DA:42,1
DA:43,1
DA:44,2
DA:45,1
DA:46,1
DA:47,1
DA:48,2
DA:49,2
DA:50,1
DA:51,1
DA:52,1
DA:53,1
DA:54,2
DA:55,1
DA:56,1
DA:57,2
DA:58,2
DA:59,2
DA:60,1
DA:61,1
DA:62,1
DA:63,1
DA:64,2
DA:65,1
DA:66,1
DA:67,2
DA:68,2
DA:69,2
DA:70,2
DA:71,1
DA:72,1
DA:73,1
DA:74,1
DA:75,2
DA:76,1
DA:77,1
DA:78,2
DA:79,2
DA:80,2
DA:81,1
DA:82,1
DA:83,1
DA:84,1
DA:85,2
DA:86,1
DA:87,1
DA:88,1
DA:89,1
DA:90,1
DA:91,1
DA:92,1
DA:93,1
DA:94,1
DA:95,1
DA:96,1
LF:96
LH:96
BRDA:5,0,0,2
BRDA:7,1,0,1
BRDA:14,2,0,2
BRDA:17,3,0,1
BRDA:24,4,0,2
BRDA:28,5,0,1
BRDA:36,6,0,2
BRDA:39,7,0,1
BRDA:47,8,0,2
BRDA:49,9,0,1
BRDA:56,10,0,2
BRDA:59,11,0,1
BRDA:66,12,0,2
BRDA:70,13,0,1
BRDA:77,14,0,2
BRDA:80,15,0,1
BRF:16
BRH:16
end_of_record
TN:
SF:controllers\address.controller.js
FN:5,indexAdd
FN:14,createAddress
FN:24,updateAddress
FN:36,deleteAdd
FN:47,indexAddType
FN:56,createAddType
FN:66,updatedAddType
FN:77,deleteAddType
FNF:8
FNH:8
FNDA:2,indexAdd
FNDA:2,createAddress
FNDA:2,updateAddress
FNDA:2,deleteAdd
FNDA:2,indexAddType
FNDA:2,createAddType
FNDA:2,updatedAddType
FNDA:2,deleteAddType
DA:1,1
DA:2,1
DA:3,1
DA:4,1
DA:5,1
DA:6,2
DA:7,2
DA:8,1
DA:9,1
DA:10,1
DA:11,1
DA:12,2
DA:13,1
DA:14,1
DA:15,2
DA:16,2
DA:17,2
DA:18,1
DA:19,1
DA:20,1
DA:21,1
DA:22,2
DA:23,1
DA:24,1
DA:25,2
DA:26,2
DA:27,2
DA:28,2
DA:29,1
DA:30,1
DA:31,1
DA:32,1
DA:33,1
DA:34,2
DA:35,1
DA:36,1
DA:37,2
DA:38,2
DA:39,2
DA:40,1
DA:41,1
DA:42,1
DA:43,1
DA:44,2
DA:45,1
DA:46,1
DA:47,1
DA:48,2
DA:49,2
DA:50,1
DA:51,1
DA:52,1
DA:53,1
DA:54,2
DA:55,1
DA:56,1
DA:57,2
DA:58,2
DA:59,2
DA:60,1
DA:61,1
DA:62,1
DA:63,1
DA:64,2
DA:65,1
DA:66,1
DA:67,2
DA:68,2
DA:69,2
DA:70,2
DA:71,1
DA:72,1
DA:73,1
DA:74,1
DA:75,2
DA:76,1
DA:77,1
DA:78,2
DA:79,2
DA:80,2
DA:81,1
DA:82,1
DA:83,1
DA:84,1
DA:85,2
DA:86,1
DA:87,1
DA:88,1
DA:89,1
DA:90,1
DA:91,1
DA:92,1
DA:93,1
DA:94,1
DA:95,1
DA:96,1
LF:96
LH:96
BRDA:5,0,0,2
BRDA:7,1,0,1
BRDA:14,2,0,2
BRDA:17,3,0,1
BRDA:24,4,0,2
BRDA:28,5,0,1
BRDA:36,6,0,2
BRDA:39,7,0,1
BRDA:47,8,0,2
BRDA:49,9,0,1
BRDA:56,10,0,2
BRDA:59,11,0,1
BRDA:66,12,0,2
BRDA:70,13,0,1
BRDA:77,14,0,2
BRDA:80,15,0,1
BRF:16
BRH:16
end_of_record
TN:
SF:controllers\auth.controller.js
FN:8,login
FNF:1
FNH:1
FNDA:4,login
DA:1,1
DA:2,1
DA:3,1
DA:4,1
DA:5,1
DA:6,1
DA:7,1
DA:8,1
DA:9,4
DA:10,4
DA:11,4
DA:12,4
DA:13,3
DA:14,4
DA:15,1
DA:16,1
DA:17,2
DA:18,2
DA:19,2
DA:20,4
DA:21,1
DA:22,1
DA:23,1
DA:24,1
DA:25,1
DA:26,1
DA:27,1
DA:28,1
DA:29,1
DA:30,1
DA:31,4
DA:32,1
DA:33,1
DA:34,1
DA:35,1
LF:35
LH:35
BRDA:8,0,0,4
BRDA:12,1,0,3
BRDA:14,2,0,1
BRDA:16,3,0,2
BRDA:20,4,0,1
BRF:5
BRH:5
end_of_record
TN:
SF:controllers\nasabah.controller.js
FN:4,indexNasabah
FN:13,createNasabah
FN:23,updatedNasabah
FN:34,deleteNasabah
FN:44,indexMotherNasabah
FN:53,createMotherNasabah
FN:63,updatedMotherNasabah
FN:74,deleteMotherNasabah
FNF:8
FNH:8
FNDA:2,indexNasabah
FNDA:2,createNasabah
FNDA:2,updatedNasabah
FNDA:2,deleteNasabah
FNDA:2,indexMotherNasabah
FNDA:2,createMotherNasabah
FNDA:2,updatedMotherNasabah
FNDA:2,deleteMotherNasabah
DA:1,1
DA:2,1
DA:3,1
DA:4,1
DA:5,2
DA:6,2
DA:7,1
DA:8,1
DA:9,1
DA:10,1
DA:11,2
DA:12,1
DA:13,1
DA:14,2
DA:15,2
DA:16,2
DA:17,1
DA:18,1
DA:19,1
DA:20,1
DA:21,2
DA:22,1
DA:23,1
DA:24,2
DA:25,2
DA:26,2
DA:27,2
DA:28,1
DA:29,1
DA:30,1
DA:31,1
DA:32,2
DA:33,1
DA:34,1
DA:35,2
DA:36,2
DA:37,2
DA:38,1
DA:39,1
DA:40,1
DA:41,1
DA:42,2
DA:43,1
DA:44,1
DA:45,2
DA:46,2
DA:47,1
DA:48,1
DA:49,1
DA:50,1
DA:51,2
DA:52,1
DA:53,1
DA:54,2
DA:55,2
DA:56,2
DA:57,1
DA:58,1
DA:59,1
DA:60,1
DA:61,2
DA:62,1
DA:63,1
DA:64,2
DA:65,2
DA:66,2
DA:67,2
DA:68,1
DA:69,1
DA:70,1
DA:71,1
DA:72,2
DA:73,1
DA:74,1
DA:75,2
DA:76,2
DA:77,2
DA:78,1
DA:79,1
DA:80,1
DA:81,1
DA:82,2
DA:83,1
DA:84,1
DA:85,1
DA:86,1
DA:87,1
DA:88,1
DA:89,1
DA:90,1
DA:91,1
DA:92,1
DA:93,1
LF:93
LH:93
BRDA:4,0,0,2
BRDA:6,1,0,1
BRDA:13,2,0,2
BRDA:16,3,0,1
BRDA:23,4,0,2
BRDA:27,5,0,1
BRDA:34,6,0,2
BRDA:37,7,0,1
BRDA:44,8,0,2
BRDA:46,9,0,1
BRDA:53,10,0,2
BRDA:56,11,0,1
BRDA:63,12,0,2
BRDA:67,13,0,1
BRDA:74,14,0,2
BRDA:77,15,0,1
BRF:16
BRH:16
end_of_record
TN:
SF:controllers\trasaction.controller.js
FN:4,indexTransaction
FN:13,createTransaction
FN:23,updatedTransaction
FN:34,deleteTransaction
FN:44,indexTransType
FN:53,createTransType
FN:63,updatedTransType
FN:74,deleteTranstype
FNF:8
FNH:8
FNDA:2,indexTransaction
FNDA:2,createTransaction
FNDA:2,updatedTransaction
FNDA:2,deleteTransaction
FNDA:2,indexTransType
FNDA:2,createTransType
FNDA:2,updatedTransType
FNDA:2,deleteTranstype
DA:1,1
DA:2,1
DA:3,1
DA:4,1
DA:5,2
DA:6,2
DA:7,1
DA:8,1
DA:9,1
DA:10,1
DA:11,2
DA:12,1
DA:13,1
DA:14,2
DA:15,2
DA:16,2
DA:17,1
DA:18,1
DA:19,1
DA:20,1
DA:21,2
DA:22,1
DA:23,1
DA:24,2
DA:25,2
DA:26,2
DA:27,2
DA:28,1
DA:29,1
DA:30,1
DA:31,1
DA:32,2
DA:33,1
DA:34,1
DA:35,2
DA:36,2
DA:37,2
DA:38,1
DA:39,1
DA:40,1
DA:41,1
DA:42,2
DA:43,1
DA:44,1
DA:45,2
DA:46,2
DA:47,1
DA:48,1
DA:49,1
DA:50,1
DA:51,2
DA:52,1
DA:53,1
DA:54,2
DA:55,2
DA:56,2
DA:57,1
DA:58,1
DA:59,1
DA:60,1
DA:61,2
DA:62,1
DA:63,1
DA:64,2
DA:65,2
DA:66,2
DA:67,2
DA:68,1
DA:69,1
DA:70,1
DA:71,1
DA:72,2
DA:73,1
DA:74,1
DA:75,2
DA:76,2
DA:77,2
DA:78,1
DA:79,1
DA:80,1
DA:81,1
DA:82,2
DA:83,1
DA:84,1
DA:85,1
DA:86,1
DA:87,1
DA:88,1
DA:89,1
DA:90,1
DA:91,1
DA:92,1
DA:93,1
LF:93
LH:93
BRDA:4,0,0,2
BRDA:6,1,0,1
BRDA:13,2,0,2
BRDA:16,3,0,1
BRDA:23,4,0,2
BRDA:27,5,0,1
BRDA:34,6,0,2
BRDA:37,7,0,1
BRDA:44,8,0,2
BRDA:46,9,0,1
BRDA:53,10,0,2
BRDA:56,11,0,1
BRDA:63,12,0,2
BRDA:67,13,0,1
BRDA:74,14,0,2
BRDA:77,15,0,1
BRF:16
BRH:16
end_of_record
